<?xml version="1.0" encoding="UTF-8"?>
<!-- Generated by org.testng.reporters.JUnitReportReporter -->
<testsuite hostname="DESKTOP-JVN81HD" failures="0" tests="3" name="tests.TestNGTests" time="6.198" errors="0" timestamp="2023-01-16T23:05:44 EST" skipped="0">
  <testcase classname="tests.TestNGTests" name="verifyAllFiterDisplayed" time="0.513"/>
  <system-out/>
  <testcase classname="tests.TestNGTests" name="verifyVideoLinkClickble" time="5.585"/>
  <system-out/>
  <testcase classname="tests.TestNGTests" name="verifyPagination" time="0.100"/>
  <system-out/>
</testsuite> <!-- tests.TestNGTests -->
